<?xml version="1.0" encoding="UTF-8"?>
<!-- Generated by org.testng.reporters.JUnitXMLReporter -->
<testsuite hostname="susanne-VirtualBox" name="Surefire test" tests="18" failures="0" timestamp="11 Dec 2017 13:06:56 GMT" time="0.626" errors="0">
  <testcase name="testMeterPositieNumber on testMeterPositieNumber(com.assignm.last.converter_susannef.BasicConverterTest)" time="0.026" classname="com.assignm.last.converter_susannef.BasicConverterTest"/>
  <testcase name="testAlnZero on testAlnZero(com.assignm.last.converter_susannef.BasicConverterTest)" time="0.027" classname="com.assignm.last.converter_susannef.BasicConverterTest"/>
  <testcase name="testMeterNegatieNumber on testMeterNegatieNumber(com.assignm.last.converter_susannef.BasicConverterTest)" time="0.022" classname="com.assignm.last.converter_susannef.BasicConverterTest"/>
  <testcase name="testFotZero on testFotZero(com.assignm.last.converter_susannef.BasicConverterTest)" time="0.033" classname="com.assignm.last.converter_susannef.BasicConverterTest"/>
  <testcase name="testDecimeterNegativeNumber on testDecimeterNegativeNumber(com.assignm.last.converter_susannef.BasicConverterTest)" time="0.049" classname="com.assignm.last.converter_susannef.BasicConverterTest"/>
  <testcase name="testCentimeterZero on testCentimeterZero(com.assignm.last.converter_susannef.BasicConverterTest)" time="0.06" classname="com.assignm.last.converter_susannef.BasicConverterTest"/>
  <testcase name="testMeterZero on testMeterZero(com.assignm.last.converter_susannef.BasicConverterTest)" time="0.036" classname="com.assignm.last.converter_susannef.BasicConverterTest"/>
  <testcase name="testDecimeterPositiveNumber on testDecimeterPositiveNumber(com.assignm.last.converter_susannef.BasicConverterTest)" time="0.069" classname="com.assignm.last.converter_susannef.BasicConverterTest"/>
  <testcase name="testMilimeterZero on testMilimeterZero(com.assignm.last.converter_susannef.BasicConverterTest)" time="0.021" classname="com.assignm.last.converter_susannef.BasicConverterTest"/>
  <testcase name="testMilimeterNegativeNumber on testMilimeterNegativeNumber(com.assignm.last.converter_susannef.BasicConverterTest)" time="0.031" classname="com.assignm.last.converter_susannef.BasicConverterTest"/>
  <testcase name="testAlnNegativeNumber on testAlnNegativeNumber(com.assignm.last.converter_susannef.BasicConverterTest)" time="0.03" classname="com.assignm.last.converter_susannef.BasicConverterTest"/>
  <testcase name="testMilimeterPositiveNumber on testMilimeterPositiveNumber(com.assignm.last.converter_susannef.BasicConverterTest)" time="0.011" classname="com.assignm.last.converter_susannef.BasicConverterTest"/>
  <testcase name="testCentimeterNegativeNumber on testCentimeterNegativeNumber(com.assignm.last.converter_susannef.BasicConverterTest)" time="0.012" classname="com.assignm.last.converter_susannef.BasicConverterTest"/>
  <testcase name="testAlnPositiveNumber on testAlnPositiveNumber(com.assignm.last.converter_susannef.BasicConverterTest)" time="0.007" classname="com.assignm.last.converter_susannef.BasicConverterTest"/>
  <testcase name="testDecimeterZero on testDecimeterZero(com.assignm.last.converter_susannef.BasicConverterTest)" time="0.018" classname="com.assignm.last.converter_susannef.BasicConverterTest"/>
  <testcase name="testCentimeterPositiveNumber on testCentimeterPositiveNumber(com.assignm.last.converter_susannef.BasicConverterTest)" time="0.045" classname="com.assignm.last.converter_susannef.BasicConverterTest"/>
  <testcase name="testFotNegatieNumber on testFotNegatieNumber(com.assignm.last.converter_susannef.BasicConverterTest)" time="0.016" classname="com.assignm.last.converter_susannef.BasicConverterTest"/>
  <testcase name="testFotPositiveNumber on testFotPositiveNumber(com.assignm.last.converter_susannef.BasicConverterTest)" time="0.019" classname="com.assignm.last.converter_susannef.BasicConverterTest"/>
</testsuite> <!-- Surefire test -->
