<?xml version="1.0" encoding="UTF-8"?>
<testsuite name="com.assignm.last.converter_susannef.BasicConverterTest" time="0.539" tests="18" errors="0" skipped="0" failures="0">
  <properties>
[...]
</properties>
  <testcase name="testMeterPositieNumber on testMeterPositieNumber(com.assignm.last.converter_susannef.BasicConverterTest)" classname="com.assignm.last.converter_susannef.BasicConverterTest" time="0.023"/>
  <testcase name="testAlnZero on testAlnZero(com.assignm.last.converter_susannef.BasicConverterTest)" classname="com.assignm.last.converter_susannef.BasicConverterTest" time="0.027"/>
  <testcase name="testMeterNegatieNumber on testMeterNegatieNumber(com.assignm.last.converter_susannef.BasicConverterTest)" classname="com.assignm.last.converter_susannef.BasicConverterTest" time="0.024"/>
  <testcase name="testFotZero on testFotZero(com.assignm.last.converter_susannef.BasicConverterTest)" classname="com.assignm.last.converter_susannef.BasicConverterTest" time="0.042"/>
  <testcase name="testDecimeterNegativeNumber on testDecimeterNegativeNumber(com.assignm.last.converter_susannef.BasicConverterTest)" classname="com.assignm.last.converter_susannef.BasicConverterTest" time="0.047"/>
  <testcase name="testCentimeterZero on testCentimeterZero(com.assignm.last.converter_susannef.BasicConverterTest)" classname="com.assignm.last.converter_susannef.BasicConverterTest" time="0.062"/>
  <testcase name="testMeterZero on testMeterZero(com.assignm.last.converter_susannef.BasicConverterTest)" classname="com.assignm.last.converter_susannef.BasicConverterTest" time="0.036"/>
  <testcase name="testDecimeterPositiveNumber on testDecimeterPositiveNumber(com.assignm.last.converter_susannef.BasicConverterTest)" classname="com.assignm.last.converter_susannef.BasicConverterTest" time="0.072"/>
  <testcase name="testMilimeterZero on testMilimeterZero(com.assignm.last.converter_susannef.BasicConverterTest)" classname="com.assignm.last.converter_susannef.BasicConverterTest" time="0.018"/>
  <testcase name="testMilimeterNegativeNumber on testMilimeterNegativeNumber(com.assignm.last.converter_susannef.BasicConverterTest)" classname="com.assignm.last.converter_susannef.BasicConverterTest" time="0.031"/>
  <testcase name="testAlnNegativeNumber on testAlnNegativeNumber(com.assignm.last.converter_susannef.BasicConverterTest)" classname="com.assignm.last.converter_susannef.BasicConverterTest" time="0.032"/>
  <testcase name="testMilimeterPositiveNumber on testMilimeterPositiveNumber(com.assignm.last.converter_susannef.BasicConverterTest)" classname="com.assignm.last.converter_susannef.BasicConverterTest" time="0.011"/>
  <testcase name="testCentimeterNegativeNumber on testCentimeterNegativeNumber(com.assignm.last.converter_susannef.BasicConverterTest)" classname="com.assignm.last.converter_susannef.BasicConverterTest" time="0.011"/>
  <testcase name="testAlnPositiveNumber on testAlnPositiveNumber(com.assignm.last.converter_susannef.BasicConverterTest)" classname="com.assignm.last.converter_susannef.BasicConverterTest" time="0.006"/>
  <testcase name="testDecimeterZero on testDecimeterZero(com.assignm.last.converter_susannef.BasicConverterTest)" classname="com.assignm.last.converter_susannef.BasicConverterTest" time="0.017"/>
  <testcase name="testCentimeterPositiveNumber on testCentimeterPositiveNumber(com.assignm.last.converter_susannef.BasicConverterTest)" classname="com.assignm.last.converter_susannef.BasicConverterTest" time="0.044"/>
  <testcase name="testFotNegatieNumber on testFotNegatieNumber(com.assignm.last.converter_susannef.BasicConverterTest)" classname="com.assignm.last.converter_susannef.BasicConverterTest" time="0.017"/>
  <testcase name="testFotPositiveNumber on testFotPositiveNumber(com.assignm.last.converter_susannef.BasicConverterTest)" classname="com.assignm.last.converter_susannef.BasicConverterTest" time="0.019"/>
</testsuite>